<?xml version="1.0" encoding="UTF-8"?>
<!-- Generated by org.testng.reporters.JUnitReportReporter -->
<testsuite skipped="0" hostname="SHANU-PC" name="Register" tests="1" failures="0" timestamp="26 Dec 2017 15:29:38 GMT" time="304.660" errors="0">
  <testcase name="main" time="304.660" classname="Register"/>
</testsuite> <!-- Register -->
