<?xml version="1.0" encoding="UTF-8"?>
<!-- Generated by org.testng.reporters.JUnitReportReporter -->
<testsuite skipped="0" hostname="DESKTOP-P1NJNF6" name="newpackage.gmail" tests="1" failures="0" timestamp="07 Dec 2017 09:46:41 GMT" time="11.370" errors="0">
  <testcase name="main" time="11.370" classname="newpackage.gmail"/>
</testsuite> <!-- newpackage.gmail -->
