<?xml version="1.0" encoding="UTF-8"?>
<!-- Generated by org.testng.reporters.JUnitReportReporter -->
<testsuite skipped="1" hostname="Admin-PC" name="newpackage.Automate" tests="2" failures="0" timestamp="02 Feb 2018 13:12:37 GMT" time="2.036" errors="0">
  <testcase name="add" time="2.036" classname="newpackage.Automate"/>
  <testcase name="addLocationTestCase" classname="newpackage.Automate">
    <skipped/>
  </testcase> <!-- addLocationTestCase -->
</testsuite> <!-- newpackage.Automate -->
